2024-04-28 23:26:44,161 - INFO - Config:
model:
  model_name: 'spherical_mask'
  channels: 32
  num_blocks: 7
  semantic_classes: 20
  instance_classes: 18
  sem2ins_classes: []
  semantic_only: False
  semantic_weight: False
  with_coords: True
  ignore_label: -100
  voxel_scale: 50
  use_spp_pool: True
  filter_bg_thresh: 0.1
  iterative_sampling: True
  rays_width: 5
  rays_height: 5
  activation: [] 
  instance_head_cfg:
    dec_dim: 128
    num_dyco_layer: 2 
    n_sample_pa1: 2048
    n_queries: 256
    radius_scale: 1
    radius: 0.4
    neighbor: 32
  test_cfg:
    x4_split: False
    logit_thresh: 0.0
    score_thresh: 0.2
    
    npoint_thresh: 100
    type_nms: 'matrix'
    topk: 200 
  fixed_modules: ['input_conv', 'unet', 'output_layer', 'semantic_linear', 'offset_linear', 'offset_vertices_linear', 'box_conf_linear']

data:
  train:
    type: 'scannetv2'
    data_root: '/root/src/SoftGroup/dataset/scannetv2'
    prefix: 'train' 
    suffix: '_inst_nostuff.pth'
    training: True
    repeat: 1
    voxel_cfg:
      scale: 50
      spatial_shape: [128, 512]
      max_npoint: 250000
      min_npoint: 5000
  test:
    type: 'scannetv2'
    data_root: '/root/src/SoftGroup/dataset/scannetv2'
    prefix: 'val'
   
    suffix: '_inst_nostuff.pth'
    training: False
    voxel_cfg:
      scale: 50
      spatial_shape: [128, 512]
      max_npoint: 250000
      min_npoint: 5000


dataloader:
  train:
    batch_size: 12
    num_workers: 12
    
  test:
    batch_size: 1
    num_workers: 0

optimizer:
  type: 'AdamW'
  lr: 0.001
  weight_decay: 0.0001
save_cfg:
  semantic: False
  offset: False
  instance: True
  offset_vertices: False
  nmc_clusters: False
  object_conditions: False

fp16: False
epochs: 300
step_epoch: 50
save_freq: 4

work_dir: './sph_models/'
pretrain_ckpt: './isbnet_pretrain.pth'  
2024-04-28 23:26:44,161 - INFO - Distributed: False
2024-04-28 23:26:44,161 - INFO - Mix precision training: False
2024-04-28 23:26:44,161 - INFO - Save at: ./sph_models/
2024-04-28 23:26:48,221 - INFO - Total params: 30770677
2024-04-28 23:26:48,221 - INFO - Trainable params: 658903
2024-04-28 23:26:48,229 - INFO - Load test dataset: 312 scans
2024-04-28 23:26:48,230 - INFO - Scale LR from 0.001 (batch size 16) to 0.00075 (batch size 12)
2024-04-28 23:26:49,578 - INFO - missing keys in source state_dict: rid_module.layers.0.weight, rid_module.layers.1.weight, rid_module.layers.1.bias, rid_module.layers.1.running_mean, rid_module.layers.1.running_var, rid_module.layers.3.weight, rid_module.layers.4.weight, rid_module.layers.4.bias, rid_module.layers.4.running_mean, rid_module.layers.4.running_var, rid_module.layers.6.weight, rid_module.layers.6.bias
2024-04-28 23:26:49,578 - INFO - unexpected key in source state_dict: inst_ray_head.layers.0.weight, inst_ray_head.layers.1.weight, inst_ray_head.layers.1.bias, inst_ray_head.layers.1.running_mean, inst_ray_head.layers.1.running_var, inst_ray_head.layers.1.num_batches_tracked, inst_ray_head.layers.3.weight, inst_ray_head.layers.4.weight, inst_ray_head.layers.4.bias, inst_ray_head.layers.4.running_mean, inst_ray_head.layers.4.running_var, inst_ray_head.layers.4.num_batches_tracked, inst_ray_head.layers.6.weight, inst_ray_head.layers.6.bias
2024-04-28 23:26:49,582 - INFO - Training
2024-04-28 23:26:49,595 - INFO - Test
2024-04-28 23:26:55,343 - INFO - Infer scene 1/312
2024-04-28 23:27:04,958 - INFO - Infer scene 11/312
2024-04-28 23:27:13,372 - INFO - Infer scene 21/312
2024-04-28 23:27:19,539 - INFO - Infer scene 31/312
2024-04-28 23:27:27,444 - INFO - Infer scene 41/312
2024-04-28 23:27:32,333 - INFO - Infer scene 51/312
2024-04-28 23:27:38,466 - INFO - Infer scene 61/312
2024-04-28 23:27:44,945 - INFO - Infer scene 71/312
2024-04-28 23:27:53,339 - INFO - Infer scene 81/312
2024-04-28 23:27:59,188 - INFO - Infer scene 91/312
2024-04-28 23:28:06,301 - INFO - Infer scene 101/312
2024-04-28 23:28:12,778 - INFO - Infer scene 111/312
2024-04-28 23:28:17,656 - INFO - Infer scene 121/312
2024-04-28 23:28:23,070 - INFO - Infer scene 131/312
2024-04-28 23:28:28,573 - INFO - Infer scene 141/312
2024-04-28 23:28:33,757 - INFO - Infer scene 151/312
2024-04-28 23:28:40,879 - INFO - Infer scene 161/312
2024-04-28 23:28:47,572 - INFO - Infer scene 171/312
2024-04-28 23:28:54,220 - INFO - Infer scene 181/312
2024-04-28 23:28:59,484 - INFO - Infer scene 191/312
2024-04-28 23:29:06,531 - INFO - Infer scene 201/312
2024-04-28 23:29:13,729 - INFO - Infer scene 211/312
2024-04-28 23:29:18,875 - INFO - Infer scene 221/312
2024-04-28 23:29:25,377 - INFO - Infer scene 231/312
2024-04-28 23:29:32,332 - INFO - Infer scene 241/312
2024-04-28 23:29:39,318 - INFO - Infer scene 251/312
2024-04-28 23:29:44,401 - INFO - Infer scene 261/312
2024-04-28 23:29:49,352 - INFO - Infer scene 271/312
2024-04-28 23:29:56,137 - INFO - Infer scene 281/312
2024-04-28 23:30:01,951 - INFO - Infer scene 291/312
2024-04-28 23:30:08,547 - INFO - Infer scene 301/312
2024-04-28 23:30:14,165 - INFO - Infer scene 311/312
2024-04-28 23:30:15,072 - INFO - Evaluate instance segmentation
